<?xml version="1.0" encoding="UTF-8"?>
<!-- Generated by org.testng.reporters.JUnitXMLReporter -->
<testsuite ignored="15" hostname="MS055" failures="2" tests="2" name="ChromeTest" time="39.647" errors="0" timestamp="2023-08-18T17:04:24 IST">
  <testcase classname="testCase.UserAdminCreateShipmentPageTest" name="verifyToCreateShipmentForDHLPacketEuropeB2B_TC55691" time="18.352">
    <failure type="org.openqa.selenium.NoSuchElementException" message="no such element: Unable to locate element: {&amp;quot;method&amp;quot;:&amp;quot;xpath&amp;quot;,&amp;quot;selector&amp;quot;:&amp;quot;//table[@class=&amp;apos;content-table &amp;apos;]//tbody//tr[1]//td[2]&amp;quot;}
  (Session info: chrome=115.0.5790.171)
For documentation on this error, please visit: https://selenium.dev/exceptions/#no_such_element
Build info: version: &amp;apos;4.5.0&amp;apos;, revision: &amp;apos;fe167b119a&amp;apos;
System info: os.name: &amp;apos;Windows 11&amp;apos;, os.arch: &amp;apos;amd64&amp;apos;, os.version: &amp;apos;10.0&amp;apos;, java.version: &amp;apos;17.0.6&amp;apos;
Driver info: org.openqa.selenium.chrome.ChromeDriver
Command: [c7ee4ced831633e4f879c68bd47d3ace, findElement {using=xpath, value=//table[@class=&amp;apos;content-table &amp;apos;]//tbody//tr[1]//td[2]}]
Capabilities {acceptInsecureCerts: false, browserName: chrome, browserVersion: 115.0.5790.171, chrome: {chromedriverVersion: 114.0.5735.90 (386bc09e8f4f..., userDataDir: C:\Users\AKHIL~1.SAT\AppDat...}, goog:chromeOptions: {debuggerAddress: localhost:65296}, networkConnectionEnabled: false, pageLoadStrategy: normal, platformName: WINDOWS, proxy: Proxy(), se:cdp: ws://localhost:65296/devtoo..., se:cdpVersion: 115.0.5790.171, setWindowRect: true, strictFileInteractability: false, timeouts: {implicit: 0, pageLoad: 300000, script: 30000}, unhandledPromptBehavior: dismiss and notify, webauthn:extension:credBlob: true, webauthn:extension:largeBlob: true, webauthn:extension:minPinLength: true, webauthn:extension:prf: true, webauthn:virtualAuthenticators: true}
Session ID: c7ee4ced831633e4f879c68bd47d3ace">
      <![CDATA[org.openqa.selenium.NoSuchElementException: no such element: Unable to locate element: {"method":"xpath","selector":"//table[@class='content-table ']//tbody//tr[1]//td[2]"}
  (Session info: chrome=115.0.5790.171)
For documentation on this error, please visit: https://selenium.dev/exceptions/#no_such_element
Build info: version: '4.5.0', revision: 'fe167b119a'
System info: os.name: 'Windows 11', os.arch: 'amd64', os.version: '10.0', java.version: '17.0.6'
Driver info: org.openqa.selenium.chrome.ChromeDriver
Command: [c7ee4ced831633e4f879c68bd47d3ace, findElement {using=xpath, value=//table[@class='content-table ']//tbody//tr[1]//td[2]}]
Capabilities {acceptInsecureCerts: false, browserName: chrome, browserVersion: 115.0.5790.171, chrome: {chromedriverVersion: 114.0.5735.90 (386bc09e8f4f..., userDataDir: C:\Users\AKHIL~1.SAT\AppDat...}, goog:chromeOptions: {debuggerAddress: localhost:65296}, networkConnectionEnabled: false, pageLoadStrategy: normal, platformName: WINDOWS, proxy: Proxy(), se:cdp: ws://localhost:65296/devtoo..., se:cdpVersion: 115.0.5790.171, setWindowRect: true, strictFileInteractability: false, timeouts: {implicit: 0, pageLoad: 300000, script: 30000}, unhandledPromptBehavior: dismiss and notify, webauthn:extension:credBlob: true, webauthn:extension:largeBlob: true, webauthn:extension:minPinLength: true, webauthn:extension:prf: true, webauthn:virtualAuthenticators: true}
Session ID: c7ee4ced831633e4f879c68bd47d3ace
at org.openqa.selenium.remote.codec.w3c.W3CHttpResponseCodec.createException(W3CHttpResponseCodec.java:200)
at org.openqa.selenium.remote.codec.w3c.W3CHttpResponseCodec.decode(W3CHttpResponseCodec.java:133)
at org.openqa.selenium.remote.codec.w3c.W3CHttpResponseCodec.decode(W3CHttpResponseCodec.java:53)
at org.openqa.selenium.remote.HttpCommandExecutor.execute(HttpCommandExecutor.java:184)
at org.openqa.selenium.remote.service.DriverCommandExecutor.invokeExecute(DriverCommandExecutor.java:167)
at org.openqa.selenium.remote.service.DriverCommandExecutor.execute(DriverCommandExecutor.java:142)
at org.openqa.selenium.remote.RemoteWebDriver.execute(RemoteWebDriver.java:547)
at org.openqa.selenium.remote.ElementLocation$ElementFinder$2.findElement(ElementLocation.java:162)
at org.openqa.selenium.remote.ElementLocation.findElement(ElementLocation.java:60)
at org.openqa.selenium.remote.RemoteWebDriver.findElement(RemoteWebDriver.java:365)
at org.openqa.selenium.remote.RemoteWebDriver.findElement(RemoteWebDriver.java:357)
at elementRepository.UserAdminCreateShipmentPage.getTableElementTextOfShipmentOverView(UserAdminCreateShipmentPage.java:422)
at testCase.UserAdminCreateShipmentPageTest.verifyToCreateShipmentForDHLPacketEuropeB2B_TC55691(UserAdminCreateShipmentPageTest.java:164)
at java.base/java.util.ArrayList.forEach(ArrayList.java:1511)
at java.base/java.util.concurrent.FutureTask.run(FutureTask.java:264)
at java.base/java.util.concurrent.ThreadPoolExecutor.runWorker(ThreadPoolExecutor.java:1136)
at java.base/java.util.concurrent.ThreadPoolExecutor$Worker.run(ThreadPoolExecutor.java:635)
at java.base/java.lang.Thread.run(Thread.java:833)
... Removed 22 stack frames]]>
    </failure>
  </testcase> <!-- verifyToCreateShipmentForDHLPacketEuropeB2B_TC55691 -->
  <testcase classname="testCase.UserAdminCreateShipmentPageTest" name="verifyToCreateShipmentForDHLPacketNationalCreate2Artikel" time="11.973">
    <failure type="java.lang.AssertionError" message="::Referance number not as expected expected [RFNCNO918598] but found [45761111212]">
      <![CDATA[java.lang.AssertionError: ::Referance number not as expected expected [RFNCNO918598] but found [45761111212]
at testCase.UserAdminCreateShipmentPageTest.verifyToCreateShipmentForDHLPacketNationalCreate2Artikel(UserAdminCreateShipmentPageTest.java:114)
at java.base/java.util.ArrayList.forEach(ArrayList.java:1511)
at java.base/java.util.concurrent.FutureTask.run(FutureTask.java:264)
at java.base/java.util.concurrent.ThreadPoolExecutor.runWorker(ThreadPoolExecutor.java:1136)
at java.base/java.util.concurrent.ThreadPoolExecutor$Worker.run(ThreadPoolExecutor.java:635)
at java.base/java.lang.Thread.run(Thread.java:833)
... Removed 22 stack frames]]>
    </failure>
  </testcase> <!-- verifyToCreateShipmentForDHLPacketNationalCreate2Artikel -->
  <testcase classname="testCase.UserAdminCreateShipmentPageTest" name="verifyToCreateShipmentForFedExEuropeCreate2Artikel_TC55897" time="0.0">
    <ignored/>
  </testcase> <!-- verifyToCreateShipmentForFedExEuropeCreate2Artikel_TC55897 -->
  <testcase classname="testCase.UserAdminCreateShipmentPageTest" name="verifyToCreateShipmentForDHLPacketNationalFromAddressBook" time="0.0">
    <ignored/>
  </testcase> <!-- verifyToCreateShipmentForDHLPacketNationalFromAddressBook -->
  <testcase classname="testCase.UserAdminCreateShipmentPageTest" name="verifyToCreateShipmentForDPDNationalCreate2Artikel_TC55945" time="0.0">
    <ignored/>
  </testcase> <!-- verifyToCreateShipmentForDPDNationalCreate2Artikel_TC55945 -->
  <testcase classname="testCase.UserAdminCreateShipmentPageTest" name="verifyToCreateShipmentForDHLPacketNational" time="0.0">
    <ignored/>
  </testcase> <!-- verifyToCreateShipmentForDHLPacketNational -->
  <testcase classname="testCase.UserAdminCreateShipmentPageTest" name="verifyToCreateShipmentForGLSEuropeCreate2Artikel_TC55907" time="0.0">
    <ignored/>
  </testcase> <!-- verifyToCreateShipmentForGLSEuropeCreate2Artikel_TC55907 -->
  <testcase classname="testCase.UserAdminCreateShipmentPageTest" name="verifyToCreateShipmentForDPDWorldWideCreate2Artikel_TC55947" time="0.0">
    <ignored/>
  </testcase> <!-- verifyToCreateShipmentForDPDWorldWideCreate2Artikel_TC55947 -->
  <testcase classname="testCase.UserAdminCreateShipmentPageTest" name="verifyToCreateShipmentForFedExNationalCreate2Artikel_TC55896" time="0.0">
    <ignored/>
  </testcase> <!-- verifyToCreateShipmentForFedExNationalCreate2Artikel_TC55896 -->
  <testcase classname="testCase.UserAdminCreateShipmentPageTest" name="verifyToCreateShipmentForDHLInternationalExpressWorldWideCreate2Artikel_TC55808" time="0.0">
    <ignored/>
  </testcase> <!-- verifyToCreateShipmentForDHLInternationalExpressWorldWideCreate2Artikel_TC55808 -->
  <testcase classname="testCase.UserAdminCreateShipmentPageTest" name="verifyToCreateShipmentForDHLExpressNationalCreate2Artikel_TC55806" time="0.0">
    <ignored/>
  </testcase> <!-- verifyToCreateShipmentForDHLExpressNationalCreate2Artikel_TC55806 -->
  <testcase classname="testCase.UserAdminCreateShipmentPageTest" name="verifyToCreateShipmentForDHLPacketInternational_TC55790" time="0.0">
    <ignored/>
  </testcase> <!-- verifyToCreateShipmentForDHLPacketInternational_TC55790 -->
  <testcase classname="testCase.UserAdminCreateShipmentPageTest" name="verifyToCreateShipmentForGLSWorldWideCreate2Artikel_TC55908" time="0.0">
    <ignored/>
  </testcase> <!-- verifyToCreateShipmentForGLSWorldWideCreate2Artikel_TC55908 -->
  <testcase classname="testCase.UserAdminCreateShipmentPageTest" name="verifyToCreateShipmentForDPDEuropeCreate2Artikel_TC55946" time="0.0">
    <ignored/>
  </testcase> <!-- verifyToCreateShipmentForDPDEuropeCreate2Artikel_TC55946 -->
  <testcase classname="testCase.UserAdminCreateShipmentPageTest" name="verifyToCreateShipmentForDHLExpressEuropeExpressWorldWideCreate2Artikel_TC55807" time="0.0">
    <ignored/>
  </testcase> <!-- verifyToCreateShipmentForDHLExpressEuropeExpressWorldWideCreate2Artikel_TC55807 -->
  <testcase classname="testCase.UserAdminCreateShipmentPageTest" name="verifyToCreateShipmentForGLSNationalCreate2Artikel_TC55906" time="0.0">
    <ignored/>
  </testcase> <!-- verifyToCreateShipmentForGLSNationalCreate2Artikel_TC55906 -->
  <testcase classname="testCase.UserAdminCreateShipmentPageTest" name="verifyToCreateShipmentForFedExWorldWideCreate2Artikel_TC55898" time="0.0">
    <ignored/>
  </testcase> <!-- verifyToCreateShipmentForFedExWorldWideCreate2Artikel_TC55898 -->
</testsuite> <!-- ChromeTest -->
